{"meta": {"format": 3, "version": "7.13.1", "timestamp": "2026-01-16T16:53:50.701914", "branch_coverage": false, "show_contexts": false}, "files": {"src/canvas_code_correction/__init__.py": {"executed_lines": [3, 5, 10, 15, 22, 33, 34, 42, 52], "summary": {"covered_lines": 9, "num_statements": 9, "percent_covered": 100.0, "percent_covered_display": "100", "missing_lines": 0, "excluded_lines": 0, "percent_statements_covered": 100.0, "percent_statements_covered_display": "100"}, "missing_lines": [], "excluded_lines": [], "functions": {"": {"executed_lines": [3, 5, 10, 15, 22, 33, 34, 42, 52], "summary": {"covered_lines": 9, "num_statements": 9, "percent_covered": 100.0, "percent_covered_display": "100", "missing_lines": 0, "excluded_lines": 0, "percent_statements_covered": 100.0, "percent_statements_covered_display": "100"}, "missing_lines": [], "excluded_lines": [], "start_line": 1}}, "classes": {"": {"executed_lines": [3, 5, 10, 15, 22, 33, 34, 42, 52], "summary": {"covered_lines": 9, "num_statements": 9, "percent_covered": 100.0, "percent_covered_display": "100", "missing_lines": 0, "excluded_lines": 0, "percent_statements_covered": 100.0, "percent_statements_covered_display": "100"}, "missing_lines": [], "excluded_lines": [], "start_line": 1}}}, "src/canvas_code_correction/cli.py": {"executed_lines": [], "summary": {"covered_lines": 0, "num_statements": 130, "percent_covered": 0.0, "percent_covered_display": "0", "missing_lines": 130, "excluded_lines": 0, "percent_statements_covered": 0.0, "percent_statements_covered_display": "0"}, "missing_lines": [3, 5, 6, 7, 8, 9, 11, 12, 13, 14, 16, 17, 18, 22, 24, 25, 28, 29, 51, 52, 53, 54, 55, 57, 58, 59, 61, 62, 66, 72, 75, 76, 77, 78, 79, 80, 81, 85, 86, 92, 94, 95, 97, 99, 100, 102, 103, 105, 106, 112, 113, 124, 125, 126, 129, 130, 176, 179, 180, 181, 182, 183, 184, 186, 188, 189, 200, 201, 202, 203, 204, 207, 208, 210, 211, 212, 213, 214, 216, 217, 218, 219, 220, 222, 223, 224, 225, 231, 232, 234, 235, 236, 237, 240, 243, 244, 249, 250, 252, 253, 256, 258, 261, 262, 269, 271, 272, 274, 275, 276, 277, 278, 280, 282, 283, 284, 285, 288, 289, 290, 293, 296, 297, 299, 300, 301, 302, 303, 306, 307], "excluded_lines": [], "functions": {"run_once": {"executed_lines": [], "summary": {"covered_lines": 0, "num_statements": 36, "percent_covered": 0.0, "percent_covered_display": "0", "missing_lines": 36, "excluded_lines": 0, "percent_statements_covered": 0.0, "percent_statements_covered_display": "0"}, "missing_lines": [51, 52, 53, 54, 55, 57, 58, 59, 61, 62, 66, 72, 75, 76, 77, 78, 79, 80, 81, 85, 86, 92, 94, 95, 97, 99, 100, 102, 103, 105, 106, 112, 113, 124, 125, 126], "excluded_lines": [], "start_line": 29}, "configure_course": {"executed_lines": [], "summary": {"covered_lines": 0, "num_statements": 15, "percent_covered": 0.0, "percent_covered_display": "0", "missing_lines": 15, "excluded_lines": 0, "percent_statements_covered": 0.0, "percent_statements_covered_display": "0"}, "missing_lines": [176, 179, 180, 181, 182, 183, 184, 186, 188, 189, 200, 201, 202, 203, 204], "excluded_lines": [], "start_line": 130}, "list_courses": {"executed_lines": [], "summary": {"covered_lines": 0, "num_statements": 20, "percent_covered": 0.0, "percent_covered_display": "0", "missing_lines": 20, "excluded_lines": 0, "percent_statements_covered": 0.0, "percent_statements_covered_display": "0"}, "missing_lines": [210, 211, 212, 213, 214, 216, 217, 218, 219, 220, 222, 223, 224, 225, 231, 232, 234, 235, 236, 237], "excluded_lines": [], "start_line": 208}, "serve": {"executed_lines": [], "summary": {"covered_lines": 0, "num_statements": 4, "percent_covered": 0.0, "percent_covered_display": "0", "missing_lines": 4, "excluded_lines": 0, "percent_statements_covered": 0.0, "percent_statements_covered_display": "0"}, "missing_lines": [249, 250, 252, 253], "excluded_lines": [], "start_line": 244}, "create": {"executed_lines": [], "summary": {"covered_lines": 0, "num_statements": 16, "percent_covered": 0.0, "percent_covered_display": "0", "missing_lines": 16, "excluded_lines": 0, "percent_statements_covered": 0.0, "percent_statements_covered_display": "0"}, "missing_lines": [269, 271, 272, 274, 275, 276, 277, 278, 280, 282, 283, 284, 285, 288, 289, 290], "excluded_lines": [], "start_line": 262}, "version": {"executed_lines": [], "summary": {"covered_lines": 0, "num_statements": 5, "percent_covered": 0.0, "percent_covered_display": "0", "missing_lines": 5, "excluded_lines": 0, "percent_statements_covered": 0.0, "percent_statements_covered_display": "0"}, "missing_lines": [299, 300, 301, 302, 303], "excluded_lines": [], "start_line": 297}, "": {"executed_lines": [], "summary": {"covered_lines": 0, "num_statements": 34, "percent_covered": 0.0, "percent_covered_display": "0", "missing_lines": 34, "excluded_lines": 0, "percent_statements_covered": 0.0, "percent_statements_covered_display": "0"}, "missing_lines": [3, 5, 6, 7, 8, 9, 11, 12, 13, 14, 16, 17, 18, 22, 24, 25, 28, 29, 129, 130, 207, 208, 240, 243, 244, 256, 258, 261, 262, 293, 296, 297, 306, 307], "excluded_lines": [], "start_line": 1}}, "classes": {"": {"executed_lines": [], "summary": {"covered_lines": 0, "num_statements": 130, "percent_covered": 0.0, "percent_covered_display": "0", "missing_lines": 130, "excluded_lines": 0, "percent_statements_covered": 0.0, "percent_statements_covered_display": "0"}, "missing_lines": [3, 5, 6, 7, 8, 9, 11, 12, 13, 14, 16, 17, 18, 22, 24, 25, 28, 29, 51, 52, 53, 54, 55, 57, 58, 59, 61, 62, 66, 72, 75, 76, 77, 78, 79, 80, 81, 85, 86, 92, 94, 95, 97, 99, 100, 102, 103, 105, 106, 112, 113, 124, 125, 126, 129, 130, 176, 179, 180, 181, 182, 183, 184, 186, 188, 189, 200, 201, 202, 203, 204, 207, 208, 210, 211, 212, 213, 214, 216, 217, 218, 219, 220, 222, 223, 224, 225, 231, 232, 234, 235, 236, 237, 240, 243, 244, 249, 250, 252, 253, 256, 258, 261, 262, 269, 271, 272, 274, 275, 276, 277, 278, 280, 282, 283, 284, 285, 288, 289, 290, 293, 296, 297, 299, 300, 301, 302, 303, 306, 307], "excluded_lines": [], "start_line": 1}}}, "src/canvas_code_correction/clients/__init__.py": {"executed_lines": [3, 5, 11], "summary": {"covered_lines": 3, "num_statements": 3, "percent_covered": 100.0, "percent_covered_display": "100", "missing_lines": 0, "excluded_lines": 0, "percent_statements_covered": 100.0, "percent_statements_covered_display": "100"}, "missing_lines": [], "excluded_lines": [], "functions": {"": {"executed_lines": [3, 5, 11], "summary": {"covered_lines": 3, "num_statements": 3, "percent_covered": 100.0, "percent_covered_display": "100", "missing_lines": 0, "excluded_lines": 0, "percent_statements_covered": 100.0, "percent_statements_covered_display": "100"}, "missing_lines": [], "excluded_lines": [], "start_line": 1}}, "classes": {"": {"executed_lines": [3, 5, 11], "summary": {"covered_lines": 3, "num_statements": 3, "percent_covered": 100.0, "percent_covered_display": "100", "missing_lines": 0, "excluded_lines": 0, "percent_statements_covered": 100.0, "percent_statements_covered_display": "100"}, "missing_lines": [], "excluded_lines": [], "start_line": 1}}}, "src/canvas_code_correction/clients/canvas_resources.py": {"executed_lines": [3, 5, 7, 8, 10, 13, 14, 17, 18, 19, 22, 43], "summary": {"covered_lines": 12, "num_statements": 18, "percent_covered": 66.66666666666667, "percent_covered_display": "67", "missing_lines": 6, "excluded_lines": 0, "percent_statements_covered": 66.66666666666667, "percent_statements_covered_display": "67"}, "missing_lines": [37, 38, 39, 40, 48, 49], "excluded_lines": [], "functions": {"build_canvas_resources": {"executed_lines": [], "summary": {"covered_lines": 0, "num_statements": 4, "percent_covered": 0.0, "percent_covered_display": "0", "missing_lines": 4, "excluded_lines": 0, "percent_statements_covered": 0.0, "percent_statements_covered_display": "0"}, "missing_lines": [37, 38, 39, 40], "excluded_lines": [], "start_line": 22}, "build_canvas_resources_from_course_block": {"executed_lines": [], "summary": {"covered_lines": 0, "num_statements": 2, "percent_covered": 0.0, "percent_covered_display": "0", "missing_lines": 2, "excluded_lines": 0, "percent_statements_covered": 0.0, "percent_statements_covered_display": "0"}, "missing_lines": [48, 49], "excluded_lines": [], "start_line": 43}, "": {"executed_lines": [3, 5, 7, 8, 10, 13, 14, 17, 18, 19, 22, 43], "summary": {"covered_lines": 12, "num_statements": 12, "percent_covered": 100.0, "percent_covered_display": "100", "missing_lines": 0, "excluded_lines": 0, "percent_statements_covered": 100.0, "percent_statements_covered_display": "100"}, "missing_lines": [], "excluded_lines": [], "start_line": 1}}, "classes": {"CanvasResources": {"executed_lines": [], "summary": {"covered_lines": 0, "num_statements": 0, "percent_covered": 100.0, "percent_covered_display": "100", "missing_lines": 0, "excluded_lines": 0, "percent_statements_covered": 100.0, "percent_statements_covered_display": "100"}, "missing_lines": [], "excluded_lines": [], "start_line": 14}, "": {"executed_lines": [3, 5, 7, 8, 10, 13, 14, 17, 18, 19, 22, 43], "summary": {"covered_lines": 12, "num_statements": 18, "percent_covered": 66.66666666666667, "percent_covered_display": "67", "missing_lines": 6, "excluded_lines": 0, "percent_statements_covered": 66.66666666666667, "percent_statements_covered_display": "67"}, "missing_lines": [37, 38, 39, 40, 48, 49], "excluded_lines": [], "start_line": 1}}}, "src/canvas_code_correction/collector.py": {"executed_lines": [3, 5, 6, 7, 8, 9, 11, 13, 16, 19, 20, 21, 22, 23, 24, 25, 28, 29, 32, 33, 34, 37, 40, 43, 52, 79, 84, 89, 148, 191, 230], "summary": {"covered_lines": 31, "num_statements": 117, "percent_covered": 26.495726495726494, "percent_covered_display": "26", "missing_lines": 86, "excluded_lines": 0, "percent_statements_covered": 26.495726495726494, "percent_statements_covered_display": "26"}, "missing_lines": [41, 45, 46, 47, 48, 49, 50, 56, 57, 58, 59, 62, 63, 65, 71, 72, 73, 74, 77, 81, 82, 86, 87, 93, 94, 95, 100, 102, 105, 108, 109, 112, 117, 120, 123, 142, 150, 153, 154, 156, 157, 158, 159, 160, 161, 162, 163, 164, 166, 169, 171, 172, 174, 175, 176, 177, 178, 179, 180, 182, 183, 184, 185, 186, 187, 189, 198, 199, 201, 203, 204, 207, 208, 211, 216, 219, 226, 228, 232, 234, 235, 237, 238, 240, 241, 245], "excluded_lines": [], "functions": {"ResultCollector.__init__": {"executed_lines": [], "summary": {"covered_lines": 0, "num_statements": 1, "percent_covered": 0.0, "percent_covered_display": "0", "missing_lines": 1, "excluded_lines": 0, "percent_statements_covered": 0.0, "percent_statements_covered_display": "0"}, "missing_lines": [41], "excluded_lines": [], "start_line": 40}, "ResultCollector._find_points_file": {"executed_lines": [], "summary": {"covered_lines": 0, "num_statements": 6, "percent_covered": 0.0, "percent_covered_display": "0", "missing_lines": 6, "excluded_lines": 0, "percent_statements_covered": 0.0, "percent_statements_covered_display": "0"}, "missing_lines": [45, 46, 47, 48, 49, 50], "excluded_lines": [], "start_line": 43}, "ResultCollector._find_comments_file": {"executed_lines": [], "summary": {"covered_lines": 0, "num_statements": 12, "percent_covered": 0.0, "percent_covered_display": "0", "missing_lines": 12, "excluded_lines": 0, "percent_statements_covered": 0.0, "percent_statements_covered_display": "0"}, "missing_lines": [56, 57, 58, 59, 62, 63, 65, 71, 72, 73, 74, 77], "excluded_lines": [], "start_line": 52}, "ResultCollector._find_artifacts_zip": {"executed_lines": [], "summary": {"covered_lines": 0, "num_statements": 2, "percent_covered": 0.0, "percent_covered_display": "0", "missing_lines": 2, "excluded_lines": 0, "percent_statements_covered": 0.0, "percent_statements_covered_display": "0"}, "missing_lines": [81, 82], "excluded_lines": [], "start_line": 79}, "ResultCollector._find_errors_log": {"executed_lines": [], "summary": {"covered_lines": 0, "num_statements": 2, "percent_covered": 0.0, "percent_covered_display": "0", "missing_lines": 2, "excluded_lines": 0, "percent_statements_covered": 0.0, "percent_statements_covered_display": "0"}, "missing_lines": [86, 87], "excluded_lines": [], "start_line": 84}, "ResultCollector.collect": {"executed_lines": [], "summary": {"covered_lines": 0, "num_statements": 13, "percent_covered": 0.0, "percent_covered_display": "0", "missing_lines": 13, "excluded_lines": 0, "percent_statements_covered": 0.0, "percent_statements_covered_display": "0"}, "missing_lines": [93, 94, 95, 100, 102, 105, 108, 109, 112, 117, 120, 123, 142], "excluded_lines": [], "start_line": 89}, "ResultCollector._parse_points_file": {"executed_lines": [], "summary": {"covered_lines": 0, "num_statements": 30, "percent_covered": 0.0, "percent_covered_display": "0", "missing_lines": 30, "excluded_lines": 0, "percent_statements_covered": 0.0, "percent_statements_covered_display": "0"}, "missing_lines": [150, 153, 154, 156, 157, 158, 159, 160, 161, 162, 163, 164, 166, 169, 171, 172, 174, 175, 176, 177, 178, 179, 180, 182, 183, 184, 185, 186, 187, 189], "excluded_lines": [], "start_line": 148}, "ResultCollector.create_feedback_zip": {"executed_lines": [], "summary": {"covered_lines": 0, "num_statements": 12, "percent_covered": 0.0, "percent_covered_display": "0", "missing_lines": 12, "excluded_lines": 0, "percent_statements_covered": 0.0, "percent_statements_covered_display": "0"}, "missing_lines": [198, 199, 201, 203, 204, 207, 208, 211, 216, 219, 226, 228], "excluded_lines": [], "start_line": 191}, "ResultCollector.validate_result": {"executed_lines": [], "summary": {"covered_lines": 0, "num_statements": 8, "percent_covered": 0.0, "percent_covered_display": "0", "missing_lines": 8, "excluded_lines": 0, "percent_statements_covered": 0.0, "percent_statements_covered_display": "0"}, "missing_lines": [232, 234, 235, 237, 238, 240, 241, 245], "excluded_lines": [], "start_line": 230}, "": {"executed_lines": [3, 5, 6, 7, 8, 9, 11, 13, 16, 19, 20, 21, 22, 23, 24, 25, 28, 29, 32, 33, 34, 37, 40, 43, 52, 79, 84, 89, 148, 191, 230], "summary": {"covered_lines": 31, "num_statements": 31, "percent_covered": 100.0, "percent_covered_display": "100", "missing_lines": 0, "excluded_lines": 0, "percent_statements_covered": 100.0, "percent_statements_covered_display": "100"}, "missing_lines": [], "excluded_lines": [], "start_line": 1}}, "classes": {"GradingResult": {"executed_lines": [], "summary": {"covered_lines": 0, "num_statements": 0, "percent_covered": 100.0, "percent_covered_display": "100", "missing_lines": 0, "excluded_lines": 0, "percent_statements_covered": 100.0, "percent_statements_covered_display": "100"}, "missing_lines": [], "excluded_lines": [], "start_line": 16}, "CollectionResult": {"executed_lines": [], "summary": {"covered_lines": 0, "num_statements": 0, "percent_covered": 100.0, "percent_covered_display": "100", "missing_lines": 0, "excluded_lines": 0, "percent_statements_covered": 100.0, "percent_statements_covered_display": "100"}, "missing_lines": [], "excluded_lines": [], "start_line": 29}, "ResultCollector": {"executed_lines": [], "summary": {"covered_lines": 0, "num_statements": 86, "percent_covered": 0.0, "percent_covered_display": "0", "missing_lines": 86, "excluded_lines": 0, "percent_statements_covered": 0.0, "percent_statements_covered_display": "0"}, "missing_lines": [41, 45, 46, 47, 48, 49, 50, 56, 57, 58, 59, 62, 63, 65, 71, 72, 73, 74, 77, 81, 82, 86, 87, 93, 94, 95, 100, 102, 105, 108, 109, 112, 117, 120, 123, 142, 150, 153, 154, 156, 157, 158, 159, 160, 161, 162, 163, 164, 166, 169, 171, 172, 174, 175, 176, 177, 178, 179, 180, 182, 183, 184, 185, 186, 187, 189, 198, 199, 201, 203, 204, 207, 208, 211, 216, 219, 226, 228, 232, 234, 235, 237, 238, 240, 241, 245], "excluded_lines": [], "start_line": 37}, "": {"executed_lines": [3, 5, 6, 7, 8, 9, 11, 13, 16, 19, 20, 21, 22, 23, 24, 25, 28, 29, 32, 33, 34, 37, 40, 43, 52, 79, 84, 89, 148, 191, 230], "summary": {"covered_lines": 31, "num_statements": 31, "percent_covered": 100.0, "percent_covered_display": "100", "missing_lines": 0, "excluded_lines": 0, "percent_statements_covered": 100.0, "percent_statements_covered_display": "100"}, "missing_lines": [], "excluded_lines": [], "start_line": 1}}}, "src/canvas_code_correction/config.py": {"executed_lines": [3, 5, 7, 9, 12, 13, 14, 15, 18, 19, 20, 23, 24, 25, 26, 29, 30, 33, 34, 38, 42, 46, 50, 56, 57, 58, 59, 60, 61, 63, 64, 97], "summary": {"covered_lines": 32, "num_statements": 36, "percent_covered": 88.88888888888889, "percent_covered_display": "89", "missing_lines": 4, "excluded_lines": 0, "percent_statements_covered": 88.88888888888889, "percent_statements_covered_display": "89"}, "missing_lines": [65, 66, 71, 100], "excluded_lines": [], "functions": {"Settings.from_course_block": {"executed_lines": [], "summary": {"covered_lines": 0, "num_statements": 3, "percent_covered": 0.0, "percent_covered_display": "0", "missing_lines": 3, "excluded_lines": 0, "percent_statements_covered": 0.0, "percent_statements_covered_display": "0"}, "missing_lines": [65, 66, 71], "excluded_lines": [], "start_line": 64}, "resolve_settings_from_block": {"executed_lines": [], "summary": {"covered_lines": 0, "num_statements": 1, "percent_covered": 0.0, "percent_covered_display": "0", "missing_lines": 1, "excluded_lines": 0, "percent_statements_covered": 0.0, "percent_statements_covered_display": "0"}, "missing_lines": [100], "excluded_lines": [], "start_line": 97}, "": {"executed_lines": [3, 5, 7, 9, 12, 13, 14, 15, 18, 19, 20, 23, 24, 25, 26, 29, 30, 33, 34, 38, 42, 46, 50, 56, 57, 58, 59, 60, 61, 63, 64, 97], "summary": {"covered_lines": 32, "num_statements": 32, "percent_covered": 100.0, "percent_covered_display": "100", "missing_lines": 0, "excluded_lines": 0, "percent_statements_covered": 100.0, "percent_statements_covered_display": "100"}, "missing_lines": [], "excluded_lines": [], "start_line": 1}}, "classes": {"CanvasSettings": {"executed_lines": [], "summary": {"covered_lines": 0, "num_statements": 0, "percent_covered": 100.0, "percent_covered_display": "100", "missing_lines": 0, "excluded_lines": 0, "percent_statements_covered": 100.0, "percent_statements_covered_display": "100"}, "missing_lines": [], "excluded_lines": [], "start_line": 12}, "CourseAssetsSettings": {"executed_lines": [], "summary": {"covered_lines": 0, "num_statements": 0, "percent_covered": 100.0, "percent_covered_display": "100", "missing_lines": 0, "excluded_lines": 0, "percent_statements_covered": 100.0, "percent_statements_covered_display": "100"}, "missing_lines": [], "excluded_lines": [], "start_line": 18}, "GraderSettings": {"executed_lines": [], "summary": {"covered_lines": 0, "num_statements": 0, "percent_covered": 100.0, "percent_covered_display": "100", "missing_lines": 0, "excluded_lines": 0, "percent_statements_covered": 100.0, "percent_statements_covered_display": "100"}, "missing_lines": [], "excluded_lines": [], "start_line": 23}, "WorkspaceSettings": {"executed_lines": [], "summary": {"covered_lines": 0, "num_statements": 0, "percent_covered": 100.0, "percent_covered_display": "100", "missing_lines": 0, "excluded_lines": 0, "percent_statements_covered": 100.0, "percent_statements_covered_display": "100"}, "missing_lines": [], "excluded_lines": [], "start_line": 29}, "WebhookSettings": {"executed_lines": [], "summary": {"covered_lines": 0, "num_statements": 0, "percent_covered": 100.0, "percent_covered_display": "100", "missing_lines": 0, "excluded_lines": 0, "percent_statements_covered": 100.0, "percent_statements_covered_display": "100"}, "missing_lines": [], "excluded_lines": [], "start_line": 33}, "Settings": {"executed_lines": [], "summary": {"covered_lines": 0, "num_statements": 3, "percent_covered": 0.0, "percent_covered_display": "0", "missing_lines": 3, "excluded_lines": 0, "percent_statements_covered": 0.0, "percent_statements_covered_display": "0"}, "missing_lines": [65, 66, 71], "excluded_lines": [], "start_line": 56}, "": {"executed_lines": [3, 5, 7, 9, 12, 13, 14, 15, 18, 19, 20, 23, 24, 25, 26, 29, 30, 33, 34, 38, 42, 46, 50, 56, 57, 58, 59, 60, 61, 63, 64, 97], "summary": {"covered_lines": 32, "num_statements": 33, "percent_covered": 96.96969696969697, "percent_covered_display": "97", "missing_lines": 1, "excluded_lines": 0, "percent_statements_covered": 96.96969696969697, "percent_statements_covered_display": "97"}, "missing_lines": [100], "excluded_lines": [], "start_line": 1}}}, "src/canvas_code_correction/flows/__init__.py": {"executed_lines": [3, 5, 17], "summary": {"covered_lines": 3, "num_statements": 3, "percent_covered": 100.0, "percent_covered_display": "100", "missing_lines": 0, "excluded_lines": 0, "percent_statements_covered": 100.0, "percent_statements_covered_display": "100"}, "missing_lines": [], "excluded_lines": [], "functions": {"": {"executed_lines": [3, 5, 17], "summary": {"covered_lines": 3, "num_statements": 3, "percent_covered": 100.0, "percent_covered_display": "100", "missing_lines": 0, "excluded_lines": 0, "percent_statements_covered": 100.0, "percent_statements_covered_display": "100"}, "missing_lines": [], "excluded_lines": [], "start_line": 1}}, "classes": {"": {"executed_lines": [3, 5, 17], "summary": {"covered_lines": 3, "num_statements": 3, "percent_covered": 100.0, "percent_covered_display": "100", "missing_lines": 0, "excluded_lines": 0, "percent_statements_covered": 100.0, "percent_statements_covered_display": "100"}, "missing_lines": [], "excluded_lines": [], "start_line": 1}}}, "src/canvas_code_correction/flows/correction.py": {"executed_lines": [3, 5, 6, 7, 9, 11, 15, 16, 17, 22, 23, 30, 31, 34, 35, 36, 39, 40, 43, 44, 45, 46, 47, 50, 51, 76, 91, 92, 121, 122, 137, 144, 176, 177, 199, 200, 240, 241, 274, 275, 310, 311], "summary": {"covered_lines": 42, "num_statements": 123, "percent_covered": 34.146341463414636, "percent_covered_display": "34", "missing_lines": 81, "excluded_lines": 0, "percent_statements_covered": 34.146341463414636, "percent_statements_covered_display": "34"}, "missing_lines": [59, 60, 70, 77, 78, 79, 80, 82, 83, 84, 85, 86, 87, 88, 98, 100, 101, 103, 104, 106, 107, 108, 109, 111, 112, 113, 114, 115, 116, 118, 129, 134, 138, 139, 140, 141, 145, 147, 148, 152, 159, 166, 167, 168, 170, 173, 182, 183, 189, 205, 206, 209, 215, 217, 248, 249, 250, 251, 257, 263, 265, 282, 283, 284, 285, 291, 299, 301, 319, 320, 322, 323, 325, 326, 329, 338, 341, 344, 351, 356, 359], "excluded_lines": [], "functions": {"fetch_submission_metadata": {"executed_lines": [], "summary": {"covered_lines": 0, "num_statements": 3, "percent_covered": 0.0, "percent_covered_display": "0", "missing_lines": 3, "excluded_lines": 0, "percent_statements_covered": 0.0, "percent_statements_covered_display": "0"}, "missing_lines": [59, 60, 70], "excluded_lines": [], "start_line": 51}, "_canvas_object_to_dict": {"executed_lines": [], "summary": {"covered_lines": 0, "num_statements": 11, "percent_covered": 0.0, "percent_covered_display": "0", "missing_lines": 11, "excluded_lines": 0, "percent_statements_covered": 0.0, "percent_statements_covered_display": "0"}, "missing_lines": [77, 78, 79, 80, 82, 83, 84, 85, 86, 87, 88], "excluded_lines": [], "start_line": 76}, "download_submission_files": {"executed_lines": [], "summary": {"covered_lines": 0, "num_statements": 16, "percent_covered": 0.0, "percent_covered_display": "0", "missing_lines": 16, "excluded_lines": 0, "percent_statements_covered": 0.0, "percent_statements_covered_display": "0"}, "missing_lines": [98, 100, 101, 103, 104, 106, 107, 108, 109, 111, 112, 113, 114, 115, 116, 118], "excluded_lines": [], "start_line": 92}, "prepare_workspace_task": {"executed_lines": [], "summary": {"covered_lines": 0, "num_statements": 2, "percent_covered": 0.0, "percent_covered_display": "0", "missing_lines": 2, "excluded_lines": 0, "percent_statements_covered": 0.0, "percent_statements_covered_display": "0"}, "missing_lines": [129, 134], "excluded_lines": [], "start_line": 122}, "_extract_attachment_id": {"executed_lines": [], "summary": {"covered_lines": 0, "num_statements": 4, "percent_covered": 0.0, "percent_covered_display": "0", "missing_lines": 4, "excluded_lines": 0, "percent_statements_covered": 0.0, "percent_statements_covered_display": "0"}, "missing_lines": [138, 139, 140, 141], "excluded_lines": [], "start_line": 137}, "_resolve_attachment_name": {"executed_lines": [], "summary": {"covered_lines": 0, "num_statements": 10, "percent_covered": 0.0, "percent_covered_display": "0", "missing_lines": 10, "excluded_lines": 0, "percent_statements_covered": 0.0, "percent_statements_covered_display": "0"}, "missing_lines": [145, 147, 148, 152, 159, 166, 167, 168, 170, 173], "excluded_lines": [], "start_line": 144}, "execute_grader": {"executed_lines": [], "summary": {"covered_lines": 0, "num_statements": 3, "percent_covered": 0.0, "percent_covered_display": "0", "missing_lines": 3, "excluded_lines": 0, "percent_statements_covered": 0.0, "percent_statements_covered_display": "0"}, "missing_lines": [182, 183, 189], "excluded_lines": [], "start_line": 177}, "collect_results": {"executed_lines": [], "summary": {"covered_lines": 0, "num_statements": 5, "percent_covered": 0.0, "percent_covered_display": "0", "missing_lines": 5, "excluded_lines": 0, "percent_statements_covered": 0.0, "percent_statements_covered_display": "0"}, "missing_lines": [205, 206, 209, 215, 217], "excluded_lines": [], "start_line": 200}, "upload_feedback": {"executed_lines": [], "summary": {"covered_lines": 0, "num_statements": 7, "percent_covered": 0.0, "percent_covered_display": "0", "missing_lines": 7, "excluded_lines": 0, "percent_statements_covered": 0.0, "percent_statements_covered_display": "0"}, "missing_lines": [248, 249, 250, 251, 257, 263, 265], "excluded_lines": [], "start_line": 241}, "post_grade": {"executed_lines": [], "summary": {"covered_lines": 0, "num_statements": 7, "percent_covered": 0.0, "percent_covered_display": "0", "missing_lines": 7, "excluded_lines": 0, "percent_statements_covered": 0.0, "percent_statements_covered_display": "0"}, "missing_lines": [282, 283, 284, 285, 291, 299, 301], "excluded_lines": [], "start_line": 275}, "correct_submission_flow": {"executed_lines": [], "summary": {"covered_lines": 0, "num_statements": 13, "percent_covered": 0.0, "percent_covered_display": "0", "missing_lines": 13, "excluded_lines": 0, "percent_statements_covered": 0.0, "percent_statements_covered_display": "0"}, "missing_lines": [319, 320, 322, 323, 325, 326, 329, 338, 341, 344, 351, 356, 359], "excluded_lines": [], "start_line": 311}, "": {"executed_lines": [3, 5, 6, 7, 9, 11, 15, 16, 17, 22, 23, 30, 31, 34, 35, 36, 39, 40, 43, 44, 45, 46, 47, 50, 51, 76, 91, 92, 121, 122, 137, 144, 176, 177, 199, 200, 240, 241, 274, 275, 310, 311], "summary": {"covered_lines": 42, "num_statements": 42, "percent_covered": 100.0, "percent_covered_display": "100", "missing_lines": 0, "excluded_lines": 0, "percent_statements_covered": 100.0, "percent_statements_covered_display": "100"}, "missing_lines": [], "excluded_lines": [], "start_line": 1}}, "classes": {"CorrectSubmissionPayload": {"executed_lines": [], "summary": {"covered_lines": 0, "num_statements": 0, "percent_covered": 100.0, "percent_covered_display": "100", "missing_lines": 0, "excluded_lines": 0, "percent_statements_covered": 100.0, "percent_statements_covered_display": "100"}, "missing_lines": [], "excluded_lines": [], "start_line": 31}, "FlowArtifacts": {"executed_lines": [], "summary": {"covered_lines": 0, "num_statements": 0, "percent_covered": 100.0, "percent_covered_display": "100", "missing_lines": 0, "excluded_lines": 0, "percent_statements_covered": 100.0, "percent_statements_covered_display": "100"}, "missing_lines": [], "excluded_lines": [], "start_line": 40}, "": {"executed_lines": [3, 5, 6, 7, 9, 11, 15, 16, 17, 22, 23, 30, 31, 34, 35, 36, 39, 40, 43, 44, 45, 46, 47, 50, 51, 76, 91, 92, 121, 122, 137, 144, 176, 177, 199, 200, 240, 241, 274, 275, 310, 311], "summary": {"covered_lines": 42, "num_statements": 123, "percent_covered": 34.146341463414636, "percent_covered_display": "34", "missing_lines": 81, "excluded_lines": 0, "percent_statements_covered": 34.146341463414636, "percent_statements_covered_display": "34"}, "missing_lines": [59, 60, 70, 77, 78, 79, 80, 82, 83, 84, 85, 86, 87, 88, 98, 100, 101, 103, 104, 106, 107, 108, 109, 111, 112, 113, 114, 115, 116, 118, 129, 134, 138, 139, 140, 141, 145, 147, 148, 152, 159, 166, 167, 168, 170, 173, 182, 183, 189, 205, 206, 209, 215, 217, 248, 249, 250, 251, 257, 263, 265, 282, 283, 284, 285, 291, 299, 301, 319, 320, 322, 323, 325, 326, 329, 338, 341, 344, 351, 356, 359], "excluded_lines": [], "start_line": 1}}}, "src/canvas_code_correction/prefect_blocks/__init__.py": {"executed_lines": [3, 5, 7], "summary": {"covered_lines": 3, "num_statements": 3, "percent_covered": 100.0, "percent_covered_display": "100", "missing_lines": 0, "excluded_lines": 0, "percent_statements_covered": 100.0, "percent_statements_covered_display": "100"}, "missing_lines": [], "excluded_lines": [], "functions": {"": {"executed_lines": [3, 5, 7], "summary": {"covered_lines": 3, "num_statements": 3, "percent_covered": 100.0, "percent_covered_display": "100", "missing_lines": 0, "excluded_lines": 0, "percent_statements_covered": 100.0, "percent_statements_covered_display": "100"}, "missing_lines": [], "excluded_lines": [], "start_line": 1}}, "classes": {"": {"executed_lines": [3, 5, 7], "summary": {"covered_lines": 3, "num_statements": 3, "percent_covered": 100.0, "percent_covered_display": "100", "missing_lines": 0, "excluded_lines": 0, "percent_statements_covered": 100.0, "percent_statements_covered_display": "100"}, "missing_lines": [], "excluded_lines": [], "start_line": 1}}}, "src/canvas_code_correction/prefect_blocks/canvas.py": {"executed_lines": [3, 5, 6, 9, 12, 14, 15, 16, 18, 19, 21, 23, 24, 25, 28, 32, 36, 40], "summary": {"covered_lines": 18, "num_statements": 18, "percent_covered": 100.0, "percent_covered_display": "100", "missing_lines": 0, "excluded_lines": 0, "percent_statements_covered": 100.0, "percent_statements_covered_display": "100"}, "missing_lines": [], "excluded_lines": [], "functions": {"": {"executed_lines": [3, 5, 6, 9, 12, 14, 15, 16, 18, 19, 21, 23, 24, 25, 28, 32, 36, 40], "summary": {"covered_lines": 18, "num_statements": 18, "percent_covered": 100.0, "percent_covered_display": "100", "missing_lines": 0, "excluded_lines": 0, "percent_statements_covered": 100.0, "percent_statements_covered_display": "100"}, "missing_lines": [], "excluded_lines": [], "start_line": 1}}, "classes": {"CourseConfigBlock": {"executed_lines": [], "summary": {"covered_lines": 0, "num_statements": 0, "percent_covered": 100.0, "percent_covered_display": "100", "missing_lines": 0, "excluded_lines": 0, "percent_statements_covered": 100.0, "percent_statements_covered_display": "100"}, "missing_lines": [], "excluded_lines": [], "start_line": 9}, "": {"executed_lines": [3, 5, 6, 9, 12, 14, 15, 16, 18, 19, 21, 23, 24, 25, 28, 32, 36, 40], "summary": {"covered_lines": 18, "num_statements": 18, "percent_covered": 100.0, "percent_covered_display": "100", "missing_lines": 0, "excluded_lines": 0, "percent_statements_covered": 100.0, "percent_statements_covered_display": "100"}, "missing_lines": [], "excluded_lines": [], "start_line": 1}}}, "src/canvas_code_correction/runner.py": {"executed_lines": [3, 5, 6, 7, 8, 9, 11, 12, 13, 14, 15, 16, 19, 22, 23, 24, 25, 26, 27, 30, 33, 34, 35, 36, 37, 38, 41, 44, 45, 46, 47, 48, 49, 52, 53, 56, 57, 58, 61, 64, 69, 178, 200], "summary": {"covered_lines": 43, "num_statements": 88, "percent_covered": 48.86363636363637, "percent_covered_display": "49", "missing_lines": 45, "excluded_lines": 0, "percent_statements_covered": 48.86363636363637, "percent_statements_covered_display": "49"}, "missing_lines": [67, 75, 78, 79, 80, 90, 91, 92, 93, 94, 97, 98, 101, 102, 104, 105, 107, 108, 109, 110, 111, 114, 128, 129, 132, 133, 134, 139, 140, 141, 144, 147, 151, 153, 162, 163, 164, 174, 175, 176, 185, 197, 207, 208, 210], "excluded_lines": [], "functions": {"GraderExecutor.__init__": {"executed_lines": [], "summary": {"covered_lines": 0, "num_statements": 1, "percent_covered": 0.0, "percent_covered_display": "0", "missing_lines": 1, "excluded_lines": 0, "percent_statements_covered": 0.0, "percent_statements_covered_display": "0"}, "missing_lines": [67], "excluded_lines": [], "start_line": 64}, "GraderExecutor.execute": {"executed_lines": [], "summary": {"covered_lines": 0, "num_statements": 39, "percent_covered": 0.0, "percent_covered_display": "0", "missing_lines": 39, "excluded_lines": 0, "percent_statements_covered": 0.0, "percent_statements_covered_display": "0"}, "missing_lines": [75, 78, 79, 80, 90, 91, 92, 93, 94, 97, 98, 101, 102, 104, 105, 107, 108, 109, 110, 111, 114, 128, 129, 132, 133, 134, 139, 140, 141, 144, 147, 151, 153, 162, 163, 164, 174, 175, 176], "excluded_lines": [], "start_line": 69}, "GraderExecutor.execute_in_workspace": {"executed_lines": [], "summary": {"covered_lines": 0, "num_statements": 2, "percent_covered": 0.0, "percent_covered_display": "0", "missing_lines": 2, "excluded_lines": 0, "percent_statements_covered": 0.0, "percent_statements_covered_display": "0"}, "missing_lines": [185, 197], "excluded_lines": [], "start_line": 178}, "create_default_grader_config": {"executed_lines": [], "summary": {"covered_lines": 0, "num_statements": 3, "percent_covered": 0.0, "percent_covered_display": "0", "missing_lines": 3, "excluded_lines": 0, "percent_statements_covered": 0.0, "percent_statements_covered_display": "0"}, "missing_lines": [207, 208, 210], "excluded_lines": [], "start_line": 200}, "": {"executed_lines": [3, 5, 6, 7, 8, 9, 11, 12, 13, 14, 15, 16, 19, 22, 23, 24, 25, 26, 27, 30, 33, 34, 35, 36, 37, 38, 41, 44, 45, 46, 47, 48, 49, 52, 53, 56, 57, 58, 61, 64, 69, 178, 200], "summary": {"covered_lines": 43, "num_statements": 43, "percent_covered": 100.0, "percent_covered_display": "100", "missing_lines": 0, "excluded_lines": 0, "percent_statements_covered": 100.0, "percent_statements_covered_display": "100"}, "missing_lines": [], "excluded_lines": [], "start_line": 1}}, "classes": {"ExecutionResult": {"executed_lines": [], "summary": {"covered_lines": 0, "num_statements": 0, "percent_covered": 100.0, "percent_covered_display": "100", "missing_lines": 0, "excluded_lines": 0, "percent_statements_covered": 100.0, "percent_statements_covered_display": "100"}, "missing_lines": [], "excluded_lines": [], "start_line": 19}, "ResourceLimits": {"executed_lines": [], "summary": {"covered_lines": 0, "num_statements": 0, "percent_covered": 100.0, "percent_covered_display": "100", "missing_lines": 0, "excluded_lines": 0, "percent_statements_covered": 100.0, "percent_statements_covered_display": "100"}, "missing_lines": [], "excluded_lines": [], "start_line": 30}, "GraderConfig": {"executed_lines": [], "summary": {"covered_lines": 0, "num_statements": 0, "percent_covered": 100.0, "percent_covered_display": "100", "missing_lines": 0, "excluded_lines": 0, "percent_statements_covered": 100.0, "percent_statements_covered_display": "100"}, "missing_lines": [], "excluded_lines": [], "start_line": 41}, "MountPoint": {"executed_lines": [], "summary": {"covered_lines": 0, "num_statements": 0, "percent_covered": 100.0, "percent_covered_display": "100", "missing_lines": 0, "excluded_lines": 0, "percent_statements_covered": 100.0, "percent_statements_covered_display": "100"}, "missing_lines": [], "excluded_lines": [], "start_line": 53}, "GraderExecutor": {"executed_lines": [], "summary": {"covered_lines": 0, "num_statements": 42, "percent_covered": 0.0, "percent_covered_display": "0", "missing_lines": 42, "excluded_lines": 0, "percent_statements_covered": 0.0, "percent_statements_covered_display": "0"}, "missing_lines": [67, 75, 78, 79, 80, 90, 91, 92, 93, 94, 97, 98, 101, 102, 104, 105, 107, 108, 109, 110, 111, 114, 128, 129, 132, 133, 134, 139, 140, 141, 144, 147, 151, 153, 162, 163, 164, 174, 175, 176, 185, 197], "excluded_lines": [], "start_line": 61}, "": {"executed_lines": [3, 5, 6, 7, 8, 9, 11, 12, 13, 14, 15, 16, 19, 22, 23, 24, 25, 26, 27, 30, 33, 34, 35, 36, 37, 38, 41, 44, 45, 46, 47, 48, 49, 52, 53, 56, 57, 58, 61, 64, 69, 178, 200], "summary": {"covered_lines": 43, "num_statements": 46, "percent_covered": 93.47826086956522, "percent_covered_display": "93", "missing_lines": 3, "excluded_lines": 0, "percent_statements_covered": 93.47826086956522, "percent_statements_covered_display": "93"}, "missing_lines": [207, 208, 210], "excluded_lines": [], "start_line": 1}}}, "src/canvas_code_correction/uploader.py": {"executed_lines": [3, 5, 6, 7, 8, 9, 11, 12, 15, 18, 19, 20, 21, 22, 23, 26, 27, 30, 31, 32, 33, 34, 37, 40, 43, 87, 129, 165, 229, 252, 260, 285], "summary": {"covered_lines": 32, "num_statements": 112, "percent_covered": 28.571428571428573, "percent_covered_display": "29", "missing_lines": 80, "excluded_lines": 0, "percent_statements_covered": 28.571428571428573, "percent_statements_covered_display": "29"}, "missing_lines": [41, 47, 48, 49, 50, 51, 52, 53, 54, 55, 56, 57, 58, 61, 62, 63, 77, 78, 79, 80, 81, 82, 83, 85, 91, 92, 93, 94, 95, 108, 119, 120, 135, 136, 137, 142, 143, 153, 154, 157, 158, 161, 171, 172, 173, 182, 183, 186, 187, 199, 200, 201, 210, 219, 220, 236, 237, 238, 241, 242, 244, 245, 247, 248, 250, 254, 255, 256, 257, 258, 262, 263, 267, 272, 276, 278, 282, 291, 292, 293], "excluded_lines": [], "functions": {"CanvasUploader.__init__": {"executed_lines": [], "summary": {"covered_lines": 0, "num_statements": 1, "percent_covered": 0.0, "percent_covered_display": "0", "missing_lines": 1, "excluded_lines": 0, "percent_statements_covered": 0.0, "percent_statements_covered_display": "0"}, "missing_lines": [41], "excluded_lines": [], "start_line": 40}, "CanvasUploader._check_feedback_duplicate": {"executed_lines": [], "summary": {"covered_lines": 0, "num_statements": 23, "percent_covered": 0.0, "percent_covered_display": "0", "missing_lines": 23, "excluded_lines": 0, "percent_statements_covered": 0.0, "percent_statements_covered_display": "0"}, "missing_lines": [47, 48, 49, 50, 51, 52, 53, 54, 55, 56, 57, 58, 61, 62, 63, 77, 78, 79, 80, 81, 82, 83, 85], "excluded_lines": [], "start_line": 43}, "CanvasUploader._upload_feedback_without_duplicate_check": {"executed_lines": [], "summary": {"covered_lines": 0, "num_statements": 8, "percent_covered": 0.0, "percent_covered_display": "0", "missing_lines": 8, "excluded_lines": 0, "percent_statements_covered": 0.0, "percent_statements_covered_display": "0"}, "missing_lines": [91, 92, 93, 94, 95, 108, 119, 120], "excluded_lines": [], "start_line": 87}, "CanvasUploader.upload_feedback": {"executed_lines": [], "summary": {"covered_lines": 0, "num_statements": 10, "percent_covered": 0.0, "percent_covered_display": "0", "missing_lines": 10, "excluded_lines": 0, "percent_statements_covered": 0.0, "percent_statements_covered_display": "0"}, "missing_lines": [135, 136, 137, 142, 143, 153, 154, 157, 158, 161], "excluded_lines": [], "start_line": 129}, "CanvasUploader.upload_grade": {"executed_lines": [], "summary": {"covered_lines": 0, "num_statements": 13, "percent_covered": 0.0, "percent_covered_display": "0", "missing_lines": 13, "excluded_lines": 0, "percent_statements_covered": 0.0, "percent_statements_covered_display": "0"}, "missing_lines": [171, 172, 173, 182, 183, 186, 187, 199, 200, 201, 210, 219, 220], "excluded_lines": [], "start_line": 165}, "CanvasUploader.upload_feedback_and_grade": {"executed_lines": [], "summary": {"covered_lines": 0, "num_statements": 10, "percent_covered": 0.0, "percent_covered_display": "0", "missing_lines": 10, "excluded_lines": 0, "percent_statements_covered": 0.0, "percent_statements_covered_display": "0"}, "missing_lines": [236, 237, 238, 241, 242, 244, 245, 247, 248, 250], "excluded_lines": [], "start_line": 229}, "CanvasUploader._calculate_md5": {"executed_lines": [], "summary": {"covered_lines": 0, "num_statements": 5, "percent_covered": 0.0, "percent_covered_display": "0", "missing_lines": 5, "excluded_lines": 0, "percent_statements_covered": 0.0, "percent_statements_covered_display": "0"}, "missing_lines": [254, 255, 256, 257, 258], "excluded_lines": [], "start_line": 252}, "CanvasUploader._download_attachment": {"executed_lines": [], "summary": {"covered_lines": 0, "num_statements": 7, "percent_covered": 0.0, "percent_covered_display": "0", "missing_lines": 7, "excluded_lines": 0, "percent_statements_covered": 0.0, "percent_statements_covered_display": "0"}, "missing_lines": [262, 263, 267, 272, 276, 278, 282], "excluded_lines": [], "start_line": 260}, "create_uploader_from_resources": {"executed_lines": [], "summary": {"covered_lines": 0, "num_statements": 3, "percent_covered": 0.0, "percent_covered_display": "0", "missing_lines": 3, "excluded_lines": 0, "percent_statements_covered": 0.0, "percent_statements_covered_display": "0"}, "missing_lines": [291, 292, 293], "excluded_lines": [], "start_line": 285}, "": {"executed_lines": [3, 5, 6, 7, 8, 9, 11, 12, 15, 18, 19, 20, 21, 22, 23, 26, 27, 30, 31, 32, 33, 34, 37, 40, 43, 87, 129, 165, 229, 252, 260, 285], "summary": {"covered_lines": 32, "num_statements": 32, "percent_covered": 100.0, "percent_covered_display": "100", "missing_lines": 0, "excluded_lines": 0, "percent_statements_covered": 100.0, "percent_statements_covered_display": "100"}, "missing_lines": [], "excluded_lines": [], "start_line": 1}}, "classes": {"UploadResult": {"executed_lines": [], "summary": {"covered_lines": 0, "num_statements": 0, "percent_covered": 100.0, "percent_covered_display": "100", "missing_lines": 0, "excluded_lines": 0, "percent_statements_covered": 100.0, "percent_statements_covered_display": "100"}, "missing_lines": [], "excluded_lines": [], "start_line": 15}, "UploadConfig": {"executed_lines": [], "summary": {"covered_lines": 0, "num_statements": 0, "percent_covered": 100.0, "percent_covered_display": "100", "missing_lines": 0, "excluded_lines": 0, "percent_statements_covered": 100.0, "percent_statements_covered_display": "100"}, "missing_lines": [], "excluded_lines": [], "start_line": 27}, "CanvasUploader": {"executed_lines": [], "summary": {"covered_lines": 0, "num_statements": 77, "percent_covered": 0.0, "percent_covered_display": "0", "missing_lines": 77, "excluded_lines": 0, "percent_statements_covered": 0.0, "percent_statements_covered_display": "0"}, "missing_lines": [41, 47, 48, 49, 50, 51, 52, 53, 54, 55, 56, 57, 58, 61, 62, 63, 77, 78, 79, 80, 81, 82, 83, 85, 91, 92, 93, 94, 95, 108, 119, 120, 135, 136, 137, 142, 143, 153, 154, 157, 158, 161, 171, 172, 173, 182, 183, 186, 187, 199, 200, 201, 210, 219, 220, 236, 237, 238, 241, 242, 244, 245, 247, 248, 250, 254, 255, 256, 257, 258, 262, 263, 267, 272, 276, 278, 282], "excluded_lines": [], "start_line": 37}, "": {"executed_lines": [3, 5, 6, 7, 8, 9, 11, 12, 15, 18, 19, 20, 21, 22, 23, 26, 27, 30, 31, 32, 33, 34, 37, 40, 43, 87, 129, 165, 229, 252, 260, 285], "summary": {"covered_lines": 32, "num_statements": 35, "percent_covered": 91.42857142857143, "percent_covered_display": "91", "missing_lines": 3, "excluded_lines": 0, "percent_statements_covered": 91.42857142857143, "percent_statements_covered_display": "91"}, "missing_lines": [291, 292, 293], "excluded_lines": [], "start_line": 1}}}, "src/canvas_code_correction/webhooks/__init__.py": {"executed_lines": [3, 5], "summary": {"covered_lines": 2, "num_statements": 2, "percent_covered": 100.0, "percent_covered_display": "100", "missing_lines": 0, "excluded_lines": 0, "percent_statements_covered": 100.0, "percent_statements_covered_display": "100"}, "missing_lines": [], "excluded_lines": [], "functions": {"": {"executed_lines": [3, 5], "summary": {"covered_lines": 2, "num_statements": 2, "percent_covered": 100.0, "percent_covered_display": "100", "missing_lines": 0, "excluded_lines": 0, "percent_statements_covered": 100.0, "percent_statements_covered_display": "100"}, "missing_lines": [], "excluded_lines": [], "start_line": 1}}, "classes": {"": {"executed_lines": [3, 5], "summary": {"covered_lines": 2, "num_statements": 2, "percent_covered": 100.0, "percent_covered_display": "100", "missing_lines": 0, "excluded_lines": 0, "percent_statements_covered": 100.0, "percent_statements_covered_display": "100"}, "missing_lines": [], "excluded_lines": [], "start_line": 1}}}, "src/canvas_code_correction/webhooks/auth.py": {"executed_lines": [3, 5, 6, 7, 9, 10, 13, 34, 62], "summary": {"covered_lines": 9, "num_statements": 26, "percent_covered": 34.61538461538461, "percent_covered_display": "35", "missing_lines": 17, "excluded_lines": 0, "percent_statements_covered": 34.61538461538461, "percent_statements_covered_display": "35"}, "missing_lines": [19, 20, 22, 23, 29, 30, 31, 45, 46, 47, 49, 50, 51, 52, 59, 69, 70], "excluded_lines": [], "functions": {"validate_jwt_token": {"executed_lines": [], "summary": {"covered_lines": 0, "num_statements": 7, "percent_covered": 0.0, "percent_covered_display": "0", "missing_lines": 7, "excluded_lines": 0, "percent_statements_covered": 0.0, "percent_statements_covered_display": "0"}, "missing_lines": [19, 20, 22, 23, 29, 30, 31], "excluded_lines": [], "start_line": 13}, "validate_canvas_signature": {"executed_lines": [], "summary": {"covered_lines": 0, "num_statements": 8, "percent_covered": 0.0, "percent_covered_display": "0", "missing_lines": 8, "excluded_lines": 0, "percent_statements_covered": 0.0, "percent_statements_covered_display": "0"}, "missing_lines": [45, 46, 47, 49, 50, 51, 52, 59], "excluded_lines": [], "start_line": 34}, "verify_canvas_webhook": {"executed_lines": [], "summary": {"covered_lines": 0, "num_statements": 2, "percent_covered": 0.0, "percent_covered_display": "0", "missing_lines": 2, "excluded_lines": 0, "percent_statements_covered": 0.0, "percent_statements_covered_display": "0"}, "missing_lines": [69, 70], "excluded_lines": [], "start_line": 62}, "": {"executed_lines": [3, 5, 6, 7, 9, 10, 13, 34, 62], "summary": {"covered_lines": 9, "num_statements": 9, "percent_covered": 100.0, "percent_covered_display": "100", "missing_lines": 0, "excluded_lines": 0, "percent_statements_covered": 100.0, "percent_statements_covered_display": "100"}, "missing_lines": [], "excluded_lines": [], "start_line": 1}}, "classes": {"": {"executed_lines": [3, 5, 6, 7, 9, 10, 13, 34, 62], "summary": {"covered_lines": 9, "num_statements": 26, "percent_covered": 34.61538461538461, "percent_covered_display": "35", "missing_lines": 17, "excluded_lines": 0, "percent_statements_covered": 34.61538461538461, "percent_statements_covered_display": "35"}, "missing_lines": [19, 20, 22, 23, 29, 30, 31, 45, 46, 47, 49, 50, 51, 52, 59, 69, 70], "excluded_lines": [], "start_line": 1}}}, "src/canvas_code_correction/webhooks/deployments.py": {"executed_lines": [3, 5, 6, 7, 8, 9, 11, 13, 14, 16, 19, 32, 87, 136], "summary": {"covered_lines": 14, "num_statements": 38, "percent_covered": 36.8421052631579, "percent_covered_display": "37", "missing_lines": 24, "excluded_lines": 0, "percent_statements_covered": 36.8421052631579, "percent_statements_covered_display": "37"}, "missing_lines": [21, 22, 26, 27, 28, 29, 41, 44, 46, 50, 51, 65, 73, 74, 84, 97, 99, 102, 113, 121, 123, 124, 132, 138], "excluded_lines": [], "functions": {"get_deployment_name": {"executed_lines": [], "summary": {"covered_lines": 0, "num_statements": 6, "percent_covered": 0.0, "percent_covered_display": "0", "missing_lines": 6, "excluded_lines": 0, "percent_statements_covered": 0.0, "percent_statements_covered_display": "0"}, "missing_lines": [21, 22, 26, 27, 28, 29], "excluded_lines": [], "start_line": 19}, "ensure_deployment": {"executed_lines": [], "summary": {"covered_lines": 0, "num_statements": 9, "percent_covered": 0.0, "percent_covered_display": "0", "missing_lines": 9, "excluded_lines": 0, "percent_statements_covered": 0.0, "percent_statements_covered_display": "0"}, "missing_lines": [41, 44, 46, 50, 51, 65, 73, 74, 84], "excluded_lines": [], "start_line": 32}, "trigger_deployment": {"executed_lines": [], "summary": {"covered_lines": 0, "num_statements": 8, "percent_covered": 0.0, "percent_covered_display": "0", "missing_lines": 8, "excluded_lines": 0, "percent_statements_covered": 0.0, "percent_statements_covered_display": "0"}, "missing_lines": [97, 99, 102, 113, 121, 123, 124, 132], "excluded_lines": [], "start_line": 87}, "trigger_flow": {"executed_lines": [], "summary": {"covered_lines": 0, "num_statements": 1, "percent_covered": 0.0, "percent_covered_display": "0", "missing_lines": 1, "excluded_lines": 0, "percent_statements_covered": 0.0, "percent_statements_covered_display": "0"}, "missing_lines": [138], "excluded_lines": [], "start_line": 136}, "": {"executed_lines": [3, 5, 6, 7, 8, 9, 11, 13, 14, 16, 19, 32, 87, 136], "summary": {"covered_lines": 14, "num_statements": 14, "percent_covered": 100.0, "percent_covered_display": "100", "missing_lines": 0, "excluded_lines": 0, "percent_statements_covered": 100.0, "percent_statements_covered_display": "100"}, "missing_lines": [], "excluded_lines": [], "start_line": 1}}, "classes": {"": {"executed_lines": [3, 5, 6, 7, 8, 9, 11, 13, 14, 16, 19, 32, 87, 136], "summary": {"covered_lines": 14, "num_statements": 38, "percent_covered": 36.8421052631579, "percent_covered_display": "37", "missing_lines": 24, "excluded_lines": 0, "percent_statements_covered": 36.8421052631579, "percent_statements_covered_display": "37"}, "missing_lines": [21, 22, 26, 27, 28, 29, 41, 44, 46, 50, 51, 65, 73, 74, 84, 97, 99, 102, 113, 121, 123, 124, 132, 138], "excluded_lines": [], "start_line": 1}}}, "src/canvas_code_correction/webhooks/flows.py": {"executed_lines": [3, 5, 6, 8, 10, 11, 17, 18, 23, 24], "summary": {"covered_lines": 10, "num_statements": 15, "percent_covered": 66.66666666666667, "percent_covered_display": "67", "missing_lines": 5, "excluded_lines": 0, "percent_statements_covered": 66.66666666666667, "percent_statements_covered_display": "67"}, "missing_lines": [20, 36, 38, 44, 52], "excluded_lines": [], "functions": {"load_course_settings": {"executed_lines": [], "summary": {"covered_lines": 0, "num_statements": 1, "percent_covered": 0.0, "percent_covered_display": "0", "missing_lines": 1, "excluded_lines": 0, "percent_statements_covered": 0.0, "percent_statements_covered_display": "0"}, "missing_lines": [20], "excluded_lines": [], "start_line": 18}, "webhook_correction_flow": {"executed_lines": [], "summary": {"covered_lines": 0, "num_statements": 4, "percent_covered": 0.0, "percent_covered_display": "0", "missing_lines": 4, "excluded_lines": 0, "percent_statements_covered": 0.0, "percent_statements_covered_display": "0"}, "missing_lines": [36, 38, 44, 52], "excluded_lines": [], "start_line": 24}, "": {"executed_lines": [3, 5, 6, 8, 10, 11, 17, 18, 23, 24], "summary": {"covered_lines": 10, "num_statements": 10, "percent_covered": 100.0, "percent_covered_display": "100", "missing_lines": 0, "excluded_lines": 0, "percent_statements_covered": 100.0, "percent_statements_covered_display": "100"}, "missing_lines": [], "excluded_lines": [], "start_line": 1}}, "classes": {"": {"executed_lines": [3, 5, 6, 8, 10, 11, 17, 18, 23, 24], "summary": {"covered_lines": 10, "num_statements": 15, "percent_covered": 66.66666666666667, "percent_covered_display": "67", "missing_lines": 5, "excluded_lines": 0, "percent_statements_covered": 66.66666666666667, "percent_statements_covered_display": "67"}, "missing_lines": [20, 36, 38, 44, 52], "excluded_lines": [], "start_line": 1}}}, "src/canvas_code_correction/webhooks/models.py": {"executed_lines": [3, 5, 6, 8, 11, 14, 15, 16, 17, 18, 19, 20, 21, 22, 23, 24, 25, 26, 27, 28, 29, 30, 31, 32, 33, 34, 35, 36, 37, 40, 43, 44, 45, 46, 47, 48, 49, 50, 51, 52, 53, 54, 55, 56, 57, 58, 59, 60, 63, 66, 69, 72, 73, 75, 79, 89, 92, 93, 94, 95, 96, 97], "summary": {"covered_lines": 62, "num_statements": 69, "percent_covered": 89.85507246376811, "percent_covered_display": "90", "missing_lines": 7, "excluded_lines": 0, "percent_statements_covered": 89.85507246376811, "percent_statements_covered_display": "90"}, "missing_lines": [77, 81, 82, 83, 84, 85, 86], "excluded_lines": [], "functions": {"CanvasWebhookPayload.get_event_type": {"executed_lines": [], "summary": {"covered_lines": 0, "num_statements": 1, "percent_covered": 0.0, "percent_covered_display": "0", "missing_lines": 1, "excluded_lines": 0, "percent_statements_covered": 0.0, "percent_statements_covered_display": "0"}, "missing_lines": [77], "excluded_lines": [], "start_line": 75}, "CanvasWebhookPayload.parse_submission_event": {"executed_lines": [], "summary": {"covered_lines": 0, "num_statements": 6, "percent_covered": 0.0, "percent_covered_display": "0", "missing_lines": 6, "excluded_lines": 0, "percent_statements_covered": 0.0, "percent_statements_covered_display": "0"}, "missing_lines": [81, 82, 83, 84, 85, 86], "excluded_lines": [], "start_line": 79}, "": {"executed_lines": [3, 5, 6, 8, 11, 14, 15, 16, 17, 18, 19, 20, 21, 22, 23, 24, 25, 26, 27, 28, 29, 30, 31, 32, 33, 34, 35, 36, 37, 40, 43, 44, 45, 46, 47, 48, 49, 50, 51, 52, 53, 54, 55, 56, 57, 58, 59, 60, 63, 66, 69, 72, 73, 75, 79, 89, 92, 93, 94, 95, 96, 97], "summary": {"covered_lines": 62, "num_statements": 62, "percent_covered": 100.0, "percent_covered_display": "100", "missing_lines": 0, "excluded_lines": 0, "percent_statements_covered": 100.0, "percent_statements_covered_display": "100"}, "missing_lines": [], "excluded_lines": [], "start_line": 1}}, "classes": {"CanvasWebhookMetadata": {"executed_lines": [], "summary": {"covered_lines": 0, "num_statements": 0, "percent_covered": 100.0, "percent_covered_display": "100", "missing_lines": 0, "excluded_lines": 0, "percent_statements_covered": 100.0, "percent_statements_covered_display": "100"}, "missing_lines": [], "excluded_lines": [], "start_line": 11}, "SubmissionCreatedEvent": {"executed_lines": [], "summary": {"covered_lines": 0, "num_statements": 0, "percent_covered": 100.0, "percent_covered_display": "100", "missing_lines": 0, "excluded_lines": 0, "percent_statements_covered": 100.0, "percent_statements_covered_display": "100"}, "missing_lines": [], "excluded_lines": [], "start_line": 40}, "SubmissionUpdatedEvent": {"executed_lines": [], "summary": {"covered_lines": 0, "num_statements": 0, "percent_covered": 100.0, "percent_covered_display": "100", "missing_lines": 0, "excluded_lines": 0, "percent_statements_covered": 100.0, "percent_statements_covered_display": "100"}, "missing_lines": [], "excluded_lines": [], "start_line": 63}, "CanvasWebhookPayload": {"executed_lines": [], "summary": {"covered_lines": 0, "num_statements": 7, "percent_covered": 0.0, "percent_covered_display": "0", "missing_lines": 7, "excluded_lines": 0, "percent_statements_covered": 0.0, "percent_statements_covered_display": "0"}, "missing_lines": [77, 81, 82, 83, 84, 85, 86], "excluded_lines": [], "start_line": 69}, "WebhookResponse": {"executed_lines": [], "summary": {"covered_lines": 0, "num_statements": 0, "percent_covered": 100.0, "percent_covered_display": "100", "missing_lines": 0, "excluded_lines": 0, "percent_statements_covered": 100.0, "percent_statements_covered_display": "100"}, "missing_lines": [], "excluded_lines": [], "start_line": 89}, "": {"executed_lines": [3, 5, 6, 8, 11, 14, 15, 16, 17, 18, 19, 20, 21, 22, 23, 24, 25, 26, 27, 28, 29, 30, 31, 32, 33, 34, 35, 36, 37, 40, 43, 44, 45, 46, 47, 48, 49, 50, 51, 52, 53, 54, 55, 56, 57, 58, 59, 60, 63, 66, 69, 72, 73, 75, 79, 89, 92, 93, 94, 95, 96, 97], "summary": {"covered_lines": 62, "num_statements": 62, "percent_covered": 100.0, "percent_covered_display": "100", "missing_lines": 0, "excluded_lines": 0, "percent_statements_covered": 100.0, "percent_statements_covered_display": "100"}, "missing_lines": [], "excluded_lines": [], "start_line": 1}}}, "src/canvas_code_correction/webhooks/server.py": {"executed_lines": [3, 5, 6, 7, 9, 10, 11, 12, 13, 15, 16, 17, 18, 25, 28, 29, 31, 38, 50, 60, 104, 122, 123, 128, 129, 194, 195], "summary": {"covered_lines": 27, "num_statements": 71, "percent_covered": 38.028169014084504, "percent_covered_display": "38", "missing_lines": 44, "excluded_lines": 0, "percent_statements_covered": 38.028169014084504, "percent_statements_covered_display": "38"}, "missing_lines": [40, 41, 42, 43, 44, 52, 53, 54, 67, 68, 74, 77, 78, 84, 85, 86, 87, 93, 94, 95, 96, 101, 114, 125, 136, 139, 142, 143, 144, 151, 152, 153, 160, 161, 162, 163, 164, 171, 175, 176, 185, 200, 201, 208], "excluded_lines": [], "functions": {"get_settings": {"executed_lines": [], "summary": {"covered_lines": 0, "num_statements": 5, "percent_covered": 0.0, "percent_covered_display": "0", "missing_lines": 5, "excluded_lines": 0, "percent_statements_covered": 0.0, "percent_statements_covered_display": "0"}, "missing_lines": [40, 41, 42, 43, 44], "excluded_lines": [], "start_line": 38}, "rate_limit_check": {"executed_lines": [], "summary": {"covered_lines": 0, "num_statements": 3, "percent_covered": 0.0, "percent_covered_display": "0", "missing_lines": 3, "excluded_lines": 0, "percent_statements_covered": 0.0, "percent_statements_covered_display": "0"}, "missing_lines": [52, 53, 54], "excluded_lines": [], "start_line": 50}, "validate_webhook": {"executed_lines": [], "summary": {"covered_lines": 0, "num_statements": 14, "percent_covered": 0.0, "percent_covered_display": "0", "missing_lines": 14, "excluded_lines": 0, "percent_statements_covered": 0.0, "percent_statements_covered_display": "0"}, "missing_lines": [67, 68, 74, 77, 78, 84, 85, 86, 87, 93, 94, 95, 96, 101], "excluded_lines": [], "start_line": 60}, "trigger_correction_flow": {"executed_lines": [], "summary": {"covered_lines": 0, "num_statements": 1, "percent_covered": 0.0, "percent_covered_display": "0", "missing_lines": 1, "excluded_lines": 0, "percent_statements_covered": 0.0, "percent_statements_covered_display": "0"}, "missing_lines": [114], "excluded_lines": [], "start_line": 104}, "health": {"executed_lines": [], "summary": {"covered_lines": 0, "num_statements": 1, "percent_covered": 0.0, "percent_covered_display": "0", "missing_lines": 1, "excluded_lines": 0, "percent_statements_covered": 0.0, "percent_statements_covered_display": "0"}, "missing_lines": [125], "excluded_lines": [], "start_line": 123}, "handle_canvas_webhook": {"executed_lines": [], "summary": {"covered_lines": 0, "num_statements": 17, "percent_covered": 0.0, "percent_covered_display": "0", "missing_lines": 17, "excluded_lines": 0, "percent_statements_covered": 0.0, "percent_statements_covered_display": "0"}, "missing_lines": [136, 139, 142, 143, 144, 151, 152, 153, 160, 161, 162, 163, 164, 171, 175, 176, 185], "excluded_lines": [], "start_line": 129}, "test_webhook": {"executed_lines": [], "summary": {"covered_lines": 0, "num_statements": 3, "percent_covered": 0.0, "percent_covered_display": "0", "missing_lines": 3, "excluded_lines": 0, "percent_statements_covered": 0.0, "percent_statements_covered_display": "0"}, "missing_lines": [200, 201, 208], "excluded_lines": [], "start_line": 195}, "": {"executed_lines": [3, 5, 6, 7, 9, 10, 11, 12, 13, 15, 16, 17, 18, 25, 28, 29, 31, 38, 50, 60, 104, 122, 123, 128, 129, 194, 195], "summary": {"covered_lines": 27, "num_statements": 27, "percent_covered": 100.0, "percent_covered_display": "100", "missing_lines": 0, "excluded_lines": 0, "percent_statements_covered": 100.0, "percent_statements_covered_display": "100"}, "missing_lines": [], "excluded_lines": [], "start_line": 1}}, "classes": {"": {"executed_lines": [3, 5, 6, 7, 9, 10, 11, 12, 13, 15, 16, 17, 18, 25, 28, 29, 31, 38, 50, 60, 104, 122, 123, 128, 129, 194, 195], "summary": {"covered_lines": 27, "num_statements": 71, "percent_covered": 38.028169014084504, "percent_covered_display": "38", "missing_lines": 44, "excluded_lines": 0, "percent_statements_covered": 38.028169014084504, "percent_statements_covered_display": "38"}, "missing_lines": [40, 41, 42, 43, 44, 52, 53, 54, 67, 68, 74, 77, 78, 84, 85, 86, 87, 93, 94, 95, 96, 101, 114, 125, 136, 139, 142, 143, 144, 151, 152, 153, 160, 161, 162, 163, 164, 171, 175, 176, 185, 200, 201, 208], "excluded_lines": [], "start_line": 1}}}, "src/canvas_code_correction/workspace.py": {"executed_lines": [3, 5, 6, 7, 8, 10, 12, 15, 16, 19, 20, 21, 24, 25, 26, 27, 28, 29, 30, 31, 34, 79], "summary": {"covered_lines": 22, "num_statements": 44, "percent_covered": 50.0, "percent_covered_display": "50", "missing_lines": 22, "excluded_lines": 2, "percent_statements_covered": 50.0, "percent_statements_covered_display": "50"}, "missing_lines": [39, 40, 46, 47, 49, 50, 52, 53, 54, 55, 56, 58, 59, 61, 62, 63, 65, 66, 67, 68, 72, 84], "excluded_lines": [69, 70], "functions": {"prepare_workspace": {"executed_lines": [], "summary": {"covered_lines": 0, "num_statements": 21, "percent_covered": 0.0, "percent_covered_display": "0", "missing_lines": 21, "excluded_lines": 2, "percent_statements_covered": 0.0, "percent_statements_covered_display": "0"}, "missing_lines": [39, 40, 46, 47, 49, 50, 52, 53, 54, 55, 56, 58, 59, 61, 62, 63, 65, 66, 67, 68, 72], "excluded_lines": [69, 70], "start_line": 34}, "build_workspace_config": {"executed_lines": [], "summary": {"covered_lines": 0, "num_statements": 1, "percent_covered": 0.0, "percent_covered_display": "0", "missing_lines": 1, "excluded_lines": 0, "percent_statements_covered": 0.0, "percent_statements_covered_display": "0"}, "missing_lines": [84], "excluded_lines": [], "start_line": 79}, "": {"executed_lines": [3, 5, 6, 7, 8, 10, 12, 15, 16, 19, 20, 21, 24, 25, 26, 27, 28, 29, 30, 31, 34, 79], "summary": {"covered_lines": 22, "num_statements": 22, "percent_covered": 100.0, "percent_covered_display": "100", "missing_lines": 0, "excluded_lines": 0, "percent_statements_covered": 100.0, "percent_statements_covered_display": "100"}, "missing_lines": [], "excluded_lines": [], "start_line": 1}}, "classes": {"WorkspacePaths": {"executed_lines": [], "summary": {"covered_lines": 0, "num_statements": 0, "percent_covered": 100.0, "percent_covered_display": "100", "missing_lines": 0, "excluded_lines": 0, "percent_statements_covered": 100.0, "percent_statements_covered_display": "100"}, "missing_lines": [], "excluded_lines": [], "start_line": 16}, "WorkspaceConfig": {"executed_lines": [], "summary": {"covered_lines": 0, "num_statements": 0, "percent_covered": 100.0, "percent_covered_display": "100", "missing_lines": 0, "excluded_lines": 0, "percent_statements_covered": 100.0, "percent_statements_covered_display": "100"}, "missing_lines": [], "excluded_lines": [], "start_line": 25}, "": {"executed_lines": [3, 5, 6, 7, 8, 10, 12, 15, 16, 19, 20, 21, 24, 25, 26, 27, 28, 29, 30, 31, 34, 79], "summary": {"covered_lines": 22, "num_statements": 44, "percent_covered": 50.0, "percent_covered_display": "50", "missing_lines": 22, "excluded_lines": 2, "percent_statements_covered": 50.0, "percent_statements_covered_display": "50"}, "missing_lines": [39, 40, 46, 47, 49, 50, 52, 53, 54, 55, 56, 58, 59, 61, 62, 63, 65, 66, 67, 68, 72, 84], "excluded_lines": [69, 70], "start_line": 1}}}}, "totals": {"covered_lines": 374, "num_statements": 925, "percent_covered": 40.432432432432435, "percent_covered_display": "40", "missing_lines": 551, "excluded_lines": 2, "percent_statements_covered": 40.432432432432435, "percent_statements_covered_display": "40"}}